<?xml version="1.0" encoding="UTF-8"?>
<testsuite xmlns:xsi="http://www.w3.org/2001/XMLSchema-instance" xsi:noNamespaceSchemaLocation="https://maven.apache.org/surefire/maven-surefire-plugin/xsd/surefire-test-report.xsd" name="appcontroller.SearchSpotifyTest" time="0.044" tests="1" errors="0" skipped="0" failures="1">
  <properties>
    <property name="java.specification.version" value="17"/>
    <property name="sun.jnu.encoding" value="UTF-8"/>
    <property name="java.class.path" value="/Users/ananyavarsha/eclipse-workspace/ananya/app/target/test-classes:/Users/ananyavarsha/eclipse-workspace/ananya/app/target/classes:/Users/ananyavarsha/.m2/repository/junit/junit/4.13.2/junit-4.13.2.jar:/Users/ananyavarsha/.m2/repository/org/hamcrest/hamcrest-core/1.3/hamcrest-core-1.3.jar:/Users/ananyavarsha/.m2/repository/jakarta/servlet/jakarta.servlet-api/6.0.0/jakarta.servlet-api-6.0.0.jar:/Users/ananyavarsha/.m2/repository/se/michaelthelin/spotify/spotify-web-api-java/7.2.2/spotify-web-api-java-7.2.2.jar:/Users/ananyavarsha/.m2/repository/com/fasterxml/jackson/core/jackson-databind/2.14.0-rc1/jackson-databind-2.14.0-rc1.jar:/Users/ananyavarsha/.m2/repository/com/fasterxml/jackson/core/jackson-annotations/2.14.0-rc1/jackson-annotations-2.14.0-rc1.jar:/Users/ananyavarsha/.m2/repository/com/fasterxml/jackson/core/jackson-core/2.14.0-rc1/jackson-core-2.14.0-rc1.jar:/Users/ananyavarsha/.m2/repository/com/google/code/gson/gson/2.9.1/gson-2.9.1.jar:/Users/ananyavarsha/.m2/repository/com/neovisionaries/nv-i18n/1.29/nv-i18n-1.29.jar:/Users/ananyavarsha/.m2/repository/org/apache/httpcomponents/client5/httpclient5-cache/5.1.3/httpclient5-cache-5.1.3.jar:/Users/ananyavarsha/.m2/repository/org/apache/httpcomponents/client5/httpclient5/5.1.3/httpclient5-5.1.3.jar:/Users/ananyavarsha/.m2/repository/org/apache/httpcomponents/core5/httpcore5/5.1.3/httpcore5-5.1.3.jar:/Users/ananyavarsha/.m2/repository/org/apache/httpcomponents/core5/httpcore5-h2/5.1.3/httpcore5-h2-5.1.3.jar:/Users/ananyavarsha/.m2/repository/commons-codec/commons-codec/1.15/commons-codec-1.15.jar:/Users/ananyavarsha/.m2/repository/org/slf4j/slf4j-api/2.0.3/slf4j-api-2.0.3.jar:/Users/ananyavarsha/.m2/repository/nl/jiankai/spotify-web-api-wrapper/1.5.7/spotify-web-api-wrapper-1.5.7.jar:/Users/ananyavarsha/.m2/repository/com/squareup/retrofit2/retrofit/2.9.0/retrofit-2.9.0.jar:/Users/ananyavarsha/.m2/repository/com/squareup/okhttp3/okhttp/3.14.9/okhttp-3.14.9.jar:/Users/ananyavarsha/.m2/repository/com/squareup/okio/okio/1.17.2/okio-1.17.2.jar:/Users/ananyavarsha/.m2/repository/com/squareup/retrofit2/converter-gson/2.9.0/converter-gson-2.9.0.jar:/Users/ananyavarsha/.m2/repository/org/json/json/20220320/json-20220320.jar:/Users/ananyavarsha/.m2/repository/org/slf4j/slf4j-log4j12/2.0.0-alpha2/slf4j-log4j12-2.0.0-alpha2.jar:/Users/ananyavarsha/.m2/repository/log4j/log4j/1.2.17/log4j-1.2.17.jar:/Users/ananyavarsha/.m2/repository/jstl/jstl/1.2/jstl-1.2.jar:/Users/ananyavarsha/.m2/repository/mysql/mysql-connector-java/8.0.29/mysql-connector-java-8.0.29.jar:/Users/ananyavarsha/.m2/repository/com/google/protobuf/protobuf-java/3.19.4/protobuf-java-3.19.4.jar:/Users/ananyavarsha/.m2/repository/org/mockito/mockito-all/1.10.19/mockito-all-1.10.19.jar:"/>
    <property name="java.vm.vendor" value="Eclipse Adoptium"/>
    <property name="sun.arch.data.model" value="64"/>
    <property name="java.vendor.url" value="https://adoptium.net/"/>
    <property name="os.name" value="Mac OS X"/>
    <property name="java.vm.specification.version" value="17"/>
    <property name="sun.java.launcher" value="SUN_STANDARD"/>
    <property name="user.country" value="CA"/>
    <property name="sun.boot.library.path" value="/Applications/Eclipse.app/Contents/Eclipse/plugins/org.eclipse.justj.openjdk.hotspot.jre.full.macosx.x86_64_17.0.4.v20220903-1038/jre/lib"/>
    <property name="sun.java.command" value="/Users/ananyavarsha/eclipse-workspace/ananya/app/target/surefire/surefirebooter1038195484276247948.jar /Users/ananyavarsha/eclipse-workspace/ananya/app/target/surefire 2022-11-09T18-04-28_600-jvmRun1 surefire9358820060137446031tmp surefire_016508073635733843949tmp"/>
    <property name="http.nonProxyHosts" value="local|*.local|169.254/16|*.169.254/16"/>
    <property name="jdk.debug" value="release"/>
    <property name="surefire.test.class.path" value="/Users/ananyavarsha/eclipse-workspace/ananya/app/target/test-classes:/Users/ananyavarsha/eclipse-workspace/ananya/app/target/classes:/Users/ananyavarsha/.m2/repository/junit/junit/4.13.2/junit-4.13.2.jar:/Users/ananyavarsha/.m2/repository/org/hamcrest/hamcrest-core/1.3/hamcrest-core-1.3.jar:/Users/ananyavarsha/.m2/repository/jakarta/servlet/jakarta.servlet-api/6.0.0/jakarta.servlet-api-6.0.0.jar:/Users/ananyavarsha/.m2/repository/se/michaelthelin/spotify/spotify-web-api-java/7.2.2/spotify-web-api-java-7.2.2.jar:/Users/ananyavarsha/.m2/repository/com/fasterxml/jackson/core/jackson-databind/2.14.0-rc1/jackson-databind-2.14.0-rc1.jar:/Users/ananyavarsha/.m2/repository/com/fasterxml/jackson/core/jackson-annotations/2.14.0-rc1/jackson-annotations-2.14.0-rc1.jar:/Users/ananyavarsha/.m2/repository/com/fasterxml/jackson/core/jackson-core/2.14.0-rc1/jackson-core-2.14.0-rc1.jar:/Users/ananyavarsha/.m2/repository/com/google/code/gson/gson/2.9.1/gson-2.9.1.jar:/Users/ananyavarsha/.m2/repository/com/neovisionaries/nv-i18n/1.29/nv-i18n-1.29.jar:/Users/ananyavarsha/.m2/repository/org/apache/httpcomponents/client5/httpclient5-cache/5.1.3/httpclient5-cache-5.1.3.jar:/Users/ananyavarsha/.m2/repository/org/apache/httpcomponents/client5/httpclient5/5.1.3/httpclient5-5.1.3.jar:/Users/ananyavarsha/.m2/repository/org/apache/httpcomponents/core5/httpcore5/5.1.3/httpcore5-5.1.3.jar:/Users/ananyavarsha/.m2/repository/org/apache/httpcomponents/core5/httpcore5-h2/5.1.3/httpcore5-h2-5.1.3.jar:/Users/ananyavarsha/.m2/repository/commons-codec/commons-codec/1.15/commons-codec-1.15.jar:/Users/ananyavarsha/.m2/repository/org/slf4j/slf4j-api/2.0.3/slf4j-api-2.0.3.jar:/Users/ananyavarsha/.m2/repository/nl/jiankai/spotify-web-api-wrapper/1.5.7/spotify-web-api-wrapper-1.5.7.jar:/Users/ananyavarsha/.m2/repository/com/squareup/retrofit2/retrofit/2.9.0/retrofit-2.9.0.jar:/Users/ananyavarsha/.m2/repository/com/squareup/okhttp3/okhttp/3.14.9/okhttp-3.14.9.jar:/Users/ananyavarsha/.m2/repository/com/squareup/okio/okio/1.17.2/okio-1.17.2.jar:/Users/ananyavarsha/.m2/repository/com/squareup/retrofit2/converter-gson/2.9.0/converter-gson-2.9.0.jar:/Users/ananyavarsha/.m2/repository/org/json/json/20220320/json-20220320.jar:/Users/ananyavarsha/.m2/repository/org/slf4j/slf4j-log4j12/2.0.0-alpha2/slf4j-log4j12-2.0.0-alpha2.jar:/Users/ananyavarsha/.m2/repository/log4j/log4j/1.2.17/log4j-1.2.17.jar:/Users/ananyavarsha/.m2/repository/jstl/jstl/1.2/jstl-1.2.jar:/Users/ananyavarsha/.m2/repository/mysql/mysql-connector-java/8.0.29/mysql-connector-java-8.0.29.jar:/Users/ananyavarsha/.m2/repository/com/google/protobuf/protobuf-java/3.19.4/protobuf-java-3.19.4.jar:/Users/ananyavarsha/.m2/repository/org/mockito/mockito-all/1.10.19/mockito-all-1.10.19.jar:"/>
    <property name="sun.cpu.endian" value="little"/>
    <property name="user.home" value="/Users/ananyavarsha"/>
    <property name="user.language" value="en"/>
    <property name="java.specification.vendor" value="Oracle Corporation"/>
    <property name="java.version.date" value="2022-08-12"/>
    <property name="java.home" value="/Applications/Eclipse.app/Contents/Eclipse/plugins/org.eclipse.justj.openjdk.hotspot.jre.full.macosx.x86_64_17.0.4.v20220903-1038/jre"/>
    <property name="file.separator" value="/"/>
    <property name="style.color" value="always"/>
    <property name="basedir" value="/Users/ananyavarsha/eclipse-workspace/ananya/app"/>
    <property name="java.vm.compressedOopsMode" value="Zero based"/>
    <property name="line.separator" value="&#10;"/>
    <property name="java.vm.specification.vendor" value="Oracle Corporation"/>
    <property name="java.specification.name" value="Java Platform API Specification"/>
    <property name="surefire.real.class.path" value="/Users/ananyavarsha/eclipse-workspace/ananya/app/target/surefire/surefirebooter1038195484276247948.jar"/>
    <property name="sun.management.compiler" value="HotSpot 64-Bit Tiered Compilers"/>
    <property name="ftp.nonProxyHosts" value="local|*.local|169.254/16|*.169.254/16"/>
    <property name="java.runtime.version" value="17.0.4.1+1"/>
    <property name="user.name" value="ananyavarsha"/>
    <property name="path.separator" value=":"/>
    <property name="os.version" value="12.4"/>
    <property name="java.runtime.name" value="OpenJDK Runtime Environment"/>
    <property name="file.encoding" value="UTF-8"/>
    <property name="java.vm.name" value="OpenJDK 64-Bit Server VM"/>
    <property name="java.vendor.version" value="Temurin-17.0.4.1+1"/>
    <property name="localRepository" value="/Users/ananyavarsha/.m2/repository"/>
    <property name="java.vendor.url.bug" value="https://github.com/adoptium/adoptium-support/issues"/>
    <property name="java.io.tmpdir" value="/var/folders/t1/d_c1tbm95cq3t5wsnz2dqsz80000gn/T/"/>
    <property name="java.version" value="17.0.4.1"/>
    <property name="user.dir" value="/Users/ananyavarsha/eclipse-workspace/ananya/app"/>
    <property name="os.arch" value="x86_64"/>
    <property name="java.vm.specification.name" value="Java Virtual Machine Specification"/>
    <property name="native.encoding" value="UTF-8"/>
    <property name="java.library.path" value="/Users/ananyavarsha/Library/Java/Extensions:/Library/Java/Extensions:/Network/Library/Java/Extensions:/System/Library/Java/Extensions:/usr/lib/java:."/>
    <property name="java.vm.info" value="mixed mode"/>
    <property name="java.vendor" value="Eclipse Adoptium"/>
    <property name="java.vm.version" value="17.0.4.1+1"/>
    <property name="sun.io.unicode.encoding" value="UnicodeBig"/>
    <property name="socksNonProxyHosts" value="local|*.local|169.254/16|*.169.254/16"/>
    <property name="java.class.version" value="61.0"/>
  </properties>
  <testcase name="test" classname="appcontroller.SearchSpotifyTest" time="0.018">
    <failure message="Not yet implemented" type="java.lang.AssertionError">java.lang.AssertionError: Not yet implemented
	at appcontroller.SearchSpotifyTest.test(SearchSpotifyTest.java:11)
</failure>
  </testcase>
</testsuite>